빌드 시작: 2017-07-25 오후 6:14:23
     1>4 노드의 "C:\Users\Tmax\Documents\tmax\뇌를 자극하는 STL\11\11.vcxproj" 프로젝트(Build 대상)입니다.
     1>ClCompile:
         C:\Program Files (x86)\Microsoft Visual Studio 12.0\VC\bin\CL.exe /c /ZI /nologo /W3 /WX- /Od /Oy- /D WIN32 /D _DEBUG /D _CONSOLE /D _UNICODE /D UNICODE /Gm /EHsc /RTC1 /MDd /GS /fp:precise /Zc:wchar_t /Zc:forScope /Fo"Debug\\" /Fd"Debug\vc120.pdb" /Gd /TP /analyze- /errorReport:prompt "ex11-03.cpp"
         ex11-03.cpp
     1>c:\users\tmax\documents\tmax\뇌를 자극하는 stl\11\ex11-03.cpp(23): error C2065: 'greater' : 선언되지 않은 식별자입니다.
     1>c:\users\tmax\documents\tmax\뇌를 자극하는 stl\11\ex11-03.cpp(23): error C2062: 예기치 않은 'int' 형식입니다.
     1>c:\users\tmax\documents\tmax\뇌를 자극하는 stl\11\ex11-03.cpp(23): error C2143: 구문 오류 : ';'이(가) '>' 앞에 없습니다.
     1>c:\users\tmax\documents\tmax\뇌를 자극하는 stl\11\ex11-03.cpp(24): error C2065: 'pq2' : 선언되지 않은 식별자입니다.
     1>c:\users\tmax\documents\tmax\뇌를 자극하는 stl\11\ex11-03.cpp(24): error C2228: '.push' 왼쪽에는 클래스/구조체/공용 구조체가 있어야 합니다.
                 'unknown-type' 형식입니다.
     1>c:\users\tmax\documents\tmax\뇌를 자극하는 stl\11\ex11-03.cpp(25): error C2065: 'pq2' : 선언되지 않은 식별자입니다.
     1>c:\users\tmax\documents\tmax\뇌를 자극하는 stl\11\ex11-03.cpp(25): error C2228: '.push' 왼쪽에는 클래스/구조체/공용 구조체가 있어야 합니다.
                 'unknown-type' 형식입니다.
     1>c:\users\tmax\documents\tmax\뇌를 자극하는 stl\11\ex11-03.cpp(26): error C2065: 'pq2' : 선언되지 않은 식별자입니다.
     1>c:\users\tmax\documents\tmax\뇌를 자극하는 stl\11\ex11-03.cpp(26): error C2228: '.push' 왼쪽에는 클래스/구조체/공용 구조체가 있어야 합니다.
                 'unknown-type' 형식입니다.
     1>c:\users\tmax\documents\tmax\뇌를 자극하는 stl\11\ex11-03.cpp(27): error C2065: 'pq2' : 선언되지 않은 식별자입니다.
     1>c:\users\tmax\documents\tmax\뇌를 자극하는 stl\11\ex11-03.cpp(27): error C2228: '.push' 왼쪽에는 클래스/구조체/공용 구조체가 있어야 합니다.
                 'unknown-type' 형식입니다.
     1>c:\users\tmax\documents\tmax\뇌를 자극하는 stl\11\ex11-03.cpp(28): error C2065: 'pq2' : 선언되지 않은 식별자입니다.
     1>c:\users\tmax\documents\tmax\뇌를 자극하는 stl\11\ex11-03.cpp(28): error C2228: '.push' 왼쪽에는 클래스/구조체/공용 구조체가 있어야 합니다.
                 'unknown-type' 형식입니다.
     1>c:\users\tmax\documents\tmax\뇌를 자극하는 stl\11\ex11-03.cpp(31): error C2065: 'pq2' : 선언되지 않은 식별자입니다.
     1>c:\users\tmax\documents\tmax\뇌를 자극하는 stl\11\ex11-03.cpp(31): error C2228: '.empty' 왼쪽에는 클래스/구조체/공용 구조체가 있어야 합니다.
                 'unknown-type' 형식입니다.
     1>c:\users\tmax\documents\tmax\뇌를 자극하는 stl\11\ex11-03.cpp(31): fatal error C1903: 이전 오류를 복구할 수 없습니다. 컴파일이 중지됩니다.
     1>"C:\Users\Tmax\Documents\tmax\뇌를 자극하는 STL\11\11.vcxproj" 프로젝트를 빌드했습니다(Build 대상). - 실패

빌드하지 못했습니다.

경과 시간: 00:00:00.32
